C:/Projects/vadavali-app/public/fonts/NotoSansDevanagari.woff: Web Open Font Format, TrueType, length 68468, version 1.1
-rw-r--r-- 1 naray 197610 68468 Mar 29 13:28 C:/Projects/vadavali-app/public/fonts/NotoSansDevanagari.woff
---
100.css
200.css
300.css
400.css
500.css
600.css
700.css
800.css
900.css
CHANGELOG.md
LICENSE
README.md
devanagari-100.css
devanagari-200.css
devanagari-300.css
devanagari-400.css
devanagari-500.css
devanagari-600.css
devanagari-700.css
devanagari-800.css
devanagari-900.css
devanagari.css
files
index.css
latin-100.css
latin-200.css
latin-300.css
latin-400.css
latin-500.css
latin-600.css
latin-700.css
latin-800.css
latin-900.css
latin-ext-100.css
latin-ext-200.css
latin-ext-300.css
latin-ext-400.css
latin-ext-500.css
latin-ext-600.css
latin-ext-700.css
latin-ext-800.css
latin-ext-900.css
latin-ext.css
latin.css
metadata.json
package.json
scss
unicode.json
